Copyright 1986-2018 Xilinx, Inc. All Rights Reserved.
-----------------------------------------------------------------------------------------------------------------------------------------------------------------------------
| Tool Version : Vivado v.2018.2 (win64) Build 2258646 Thu Jun 14 20:03:12 MDT 2018
| Date         : Tue Nov  3 15:27:28 2020
| Host         : DESKTOP-SN0IEDA running 64-bit major release  (build 9200)
| Command      : report_methodology -file CYCLICSHIFTER_methodology_drc_routed.rpt -pb CYCLICSHIFTER_methodology_drc_routed.pb -rpx CYCLICSHIFTER_methodology_drc_routed.rpx
| Design       : CYCLICSHIFTER
| Device       : xc7a35tcpg236-1
| Speed File   : -1
| Design State : Routed
-----------------------------------------------------------------------------------------------------------------------------------------------------------------------------

Report Methodology

Table of Contents
-----------------
1. REPORT SUMMARY
2. REPORT DETAILS

1. REPORT SUMMARY
-----------------
            Netlist: netlist
          Floorplan: design_1
      Design limits: <entire design considered>
             Max violations: <unlimited>
             Violations found: 42
+-----------+----------+-----------------------------+------------+
| Rule      | Severity | Description                 | Violations |
+-----------+----------+-----------------------------+------------+
| TIMING-17 | Warning  | Non-clocked sequential cell | 42         |
+-----------+----------+-----------------------------+------------+

2. REPORT DETAILS
-----------------
TIMING-17#1 Warning
Non-clocked sequential cell  
The clock pin COMPUTE_UNIT_INST/CONTROLLER_INST/FSM_sequential_CURRENT_STATE_reg[0]/C is not reached by a timing clock
Related violations: <none>

TIMING-17#2 Warning
Non-clocked sequential cell  
The clock pin COMPUTE_UNIT_INST/CONTROLLER_INST/FSM_sequential_CURRENT_STATE_reg[1]/C is not reached by a timing clock
Related violations: <none>

TIMING-17#3 Warning
Non-clocked sequential cell  
The clock pin COMPUTE_UNIT_INST/DATAPATH_INST/COUNTER_INST/VALUE_reg[0]/C is not reached by a timing clock
Related violations: <none>

TIMING-17#4 Warning
Non-clocked sequential cell  
The clock pin COMPUTE_UNIT_INST/DATAPATH_INST/COUNTER_INST/VALUE_reg[1]/C is not reached by a timing clock
Related violations: <none>

TIMING-17#5 Warning
Non-clocked sequential cell  
The clock pin COMPUTE_UNIT_INST/DATAPATH_INST/COUNTER_INST/VALUE_reg[2]/C is not reached by a timing clock
Related violations: <none>

TIMING-17#6 Warning
Non-clocked sequential cell  
The clock pin COMPUTE_UNIT_INST/DATAPATH_INST/COUNTER_INST/VALUE_reg[3]/C is not reached by a timing clock
Related violations: <none>

TIMING-17#7 Warning
Non-clocked sequential cell  
The clock pin COMPUTE_UNIT_INST/DATAPATH_INST/OPERAND_INST/OPERAND_OUT_reg[0]/C is not reached by a timing clock
Related violations: <none>

TIMING-17#8 Warning
Non-clocked sequential cell  
The clock pin COMPUTE_UNIT_INST/DATAPATH_INST/OPERAND_INST/OPERAND_OUT_reg[1]/C is not reached by a timing clock
Related violations: <none>

TIMING-17#9 Warning
Non-clocked sequential cell  
The clock pin COMPUTE_UNIT_INST/DATAPATH_INST/OPERAND_INST/OPERAND_OUT_reg[2]/C is not reached by a timing clock
Related violations: <none>

TIMING-17#10 Warning
Non-clocked sequential cell  
The clock pin COMPUTE_UNIT_INST/DATAPATH_INST/OPERAND_INST/OPERAND_OUT_reg[3]/C is not reached by a timing clock
Related violations: <none>

TIMING-17#11 Warning
Non-clocked sequential cell  
The clock pin COMPUTE_UNIT_INST/DATAPATH_INST/OPERAND_INST/OPERAND_OUT_reg[4]/C is not reached by a timing clock
Related violations: <none>

TIMING-17#12 Warning
Non-clocked sequential cell  
The clock pin COMPUTE_UNIT_INST/DATAPATH_INST/OPERAND_INST/OPERAND_OUT_reg[5]/C is not reached by a timing clock
Related violations: <none>

TIMING-17#13 Warning
Non-clocked sequential cell  
The clock pin COMPUTE_UNIT_INST/DATAPATH_INST/OPERAND_INST/OPERAND_OUT_reg[6]/C is not reached by a timing clock
Related violations: <none>

TIMING-17#14 Warning
Non-clocked sequential cell  
The clock pin COMPUTE_UNIT_INST/DATAPATH_INST/OPERAND_INST/OPERAND_OUT_reg[7]/C is not reached by a timing clock
Related violations: <none>

TIMING-17#15 Warning
Non-clocked sequential cell  
The clock pin COMPUTE_UNIT_INST/DATAPATH_INST/RIGHT_SHIFT_REG_INST/VALUE_reg[0]/C is not reached by a timing clock
Related violations: <none>

TIMING-17#16 Warning
Non-clocked sequential cell  
The clock pin COMPUTE_UNIT_INST/DATAPATH_INST/RIGHT_SHIFT_REG_INST/VALUE_reg[1]/C is not reached by a timing clock
Related violations: <none>

TIMING-17#17 Warning
Non-clocked sequential cell  
The clock pin COMPUTE_UNIT_INST/DATAPATH_INST/RIGHT_SHIFT_REG_INST/VALUE_reg[2]/C is not reached by a timing clock
Related violations: <none>

TIMING-17#18 Warning
Non-clocked sequential cell  
The clock pin COMPUTE_UNIT_INST/DATAPATH_INST/RIGHT_SHIFT_REG_INST/VALUE_reg[3]/C is not reached by a timing clock
Related violations: <none>

TIMING-17#19 Warning
Non-clocked sequential cell  
The clock pin COMPUTE_UNIT_INST/DATAPATH_INST/RIGHT_SHIFT_REG_INST/VALUE_reg[4]/C is not reached by a timing clock
Related violations: <none>

TIMING-17#20 Warning
Non-clocked sequential cell  
The clock pin COMPUTE_UNIT_INST/DATAPATH_INST/RIGHT_SHIFT_REG_INST/VALUE_reg[5]/C is not reached by a timing clock
Related violations: <none>

TIMING-17#21 Warning
Non-clocked sequential cell  
The clock pin COMPUTE_UNIT_INST/DATAPATH_INST/RIGHT_SHIFT_REG_INST/VALUE_reg[6]/C is not reached by a timing clock
Related violations: <none>

TIMING-17#22 Warning
Non-clocked sequential cell  
The clock pin COMPUTE_UNIT_INST/DATAPATH_INST/RIGHT_SHIFT_REG_INST/VALUE_reg[7]/C is not reached by a timing clock
Related violations: <none>

TIMING-17#23 Warning
Non-clocked sequential cell  
The clock pin COMPUTE_UNIT_INST/DATAPATH_INST/SHIFT_LEN_INST/LEN_OUT_reg[0]/C is not reached by a timing clock
Related violations: <none>

TIMING-17#24 Warning
Non-clocked sequential cell  
The clock pin COMPUTE_UNIT_INST/DATAPATH_INST/SHIFT_LEN_INST/LEN_OUT_reg[1]/C is not reached by a timing clock
Related violations: <none>

TIMING-17#25 Warning
Non-clocked sequential cell  
The clock pin COMPUTE_UNIT_INST/DATAPATH_INST/SHIFT_LEN_INST/LEN_OUT_reg[2]/C is not reached by a timing clock
Related violations: <none>

TIMING-17#26 Warning
Non-clocked sequential cell  
The clock pin COMPUTE_UNIT_INST/DATAPATH_INST/SHIFT_LEN_INST/LEN_OUT_reg[3]/C is not reached by a timing clock
Related violations: <none>

TIMING-17#27 Warning
Non-clocked sequential cell  
The clock pin HEX2SEG_INST/PRESCALER_reg[0]/C is not reached by a timing clock
Related violations: <none>

TIMING-17#28 Warning
Non-clocked sequential cell  
The clock pin HEX2SEG_INST/PRESCALER_reg[10]/C is not reached by a timing clock
Related violations: <none>

TIMING-17#29 Warning
Non-clocked sequential cell  
The clock pin HEX2SEG_INST/PRESCALER_reg[11]/C is not reached by a timing clock
Related violations: <none>

TIMING-17#30 Warning
Non-clocked sequential cell  
The clock pin HEX2SEG_INST/PRESCALER_reg[12]/C is not reached by a timing clock
Related violations: <none>

TIMING-17#31 Warning
Non-clocked sequential cell  
The clock pin HEX2SEG_INST/PRESCALER_reg[13]/C is not reached by a timing clock
Related violations: <none>

TIMING-17#32 Warning
Non-clocked sequential cell  
The clock pin HEX2SEG_INST/PRESCALER_reg[14]/C is not reached by a timing clock
Related violations: <none>

TIMING-17#33 Warning
Non-clocked sequential cell  
The clock pin HEX2SEG_INST/PRESCALER_reg[15]/C is not reached by a timing clock
Related violations: <none>

TIMING-17#34 Warning
Non-clocked sequential cell  
The clock pin HEX2SEG_INST/PRESCALER_reg[1]/C is not reached by a timing clock
Related violations: <none>

TIMING-17#35 Warning
Non-clocked sequential cell  
The clock pin HEX2SEG_INST/PRESCALER_reg[2]/C is not reached by a timing clock
Related violations: <none>

TIMING-17#36 Warning
Non-clocked sequential cell  
The clock pin HEX2SEG_INST/PRESCALER_reg[3]/C is not reached by a timing clock
Related violations: <none>

TIMING-17#37 Warning
Non-clocked sequential cell  
The clock pin HEX2SEG_INST/PRESCALER_reg[4]/C is not reached by a timing clock
Related violations: <none>

TIMING-17#38 Warning
Non-clocked sequential cell  
The clock pin HEX2SEG_INST/PRESCALER_reg[5]/C is not reached by a timing clock
Related violations: <none>

TIMING-17#39 Warning
Non-clocked sequential cell  
The clock pin HEX2SEG_INST/PRESCALER_reg[6]/C is not reached by a timing clock
Related violations: <none>

TIMING-17#40 Warning
Non-clocked sequential cell  
The clock pin HEX2SEG_INST/PRESCALER_reg[7]/C is not reached by a timing clock
Related violations: <none>

TIMING-17#41 Warning
Non-clocked sequential cell  
The clock pin HEX2SEG_INST/PRESCALER_reg[8]/C is not reached by a timing clock
Related violations: <none>

TIMING-17#42 Warning
Non-clocked sequential cell  
The clock pin HEX2SEG_INST/PRESCALER_reg[9]/C is not reached by a timing clock
Related violations: <none>


